d:\tmp\toupaimumaduan\toupaimumaduan\debug\vc142.pdb
d:\tmp\toupaimumaduan\toupaimumaduan\debug\vc142.idb
d:\tmp\toupaimumaduan\toupaimumaduan\debug\源.obj
d:\tmp\toupaimumaduan\toupaimumaduan\debug\network_tools.obj
d:\tmp\toupaimumaduan\debug\toupaimumaduan.ilk
d:\tmp\toupaimumaduan\debug\toupaimumaduan.exe
d:\tmp\toupaimumaduan\debug\toupaimumaduan.pdb
d:\00000000000-pub-class\0-远程偷拍\100行代码实现远程偷拍\toupaimumaduan\toupaimumaduan\debug\network_tools.obj
d:\00000000000-pub-class\0-远程偷拍\100行代码实现远程偷拍\toupaimumaduan\toupaimumaduan\debug\源.obj
d:\00000000000-pub-class\0-远程偷拍\100行代码实现远程偷拍\toupaimumaduan\toupaimumaduan\debug\vc142.idb
d:\00000000000-pub-class\0-远程偷拍\100行代码实现远程偷拍\toupaimumaduan\toupaimumaduan\debug\vc142.pdb
d:\00000000000-pub-class\0-远程偷拍\100行代码实现远程偷拍\toupaimumaduan\debug\toupaimumaduan.pdb
d:\00000000000-pub-class\0-远程偷拍\100行代码实现远程偷拍\toupaimumaduan\debug\toupaimumaduan.exe
d:\00000000000-pub-class\0-远程偷拍\100行代码实现远程偷拍\toupaimumaduan\debug\toupaimumaduan.ilk
d:\00000000000-pub-class\0-远程偷拍\100行代码实现远程偷拍\toupaimumaduan\toupaimumaduan\debug\toupaimumaduan.tlog\cl.command.1.tlog
d:\00000000000-pub-class\0-远程偷拍\100行代码实现远程偷拍\toupaimumaduan\toupaimumaduan\debug\toupaimumaduan.tlog\cl.read.1.tlog
d:\00000000000-pub-class\0-远程偷拍\100行代码实现远程偷拍\toupaimumaduan\toupaimumaduan\debug\toupaimumaduan.tlog\cl.write.1.tlog
d:\00000000000-pub-class\0-远程偷拍\100行代码实现远程偷拍\toupaimumaduan\toupaimumaduan\debug\toupaimumaduan.tlog\link.command.1.tlog
d:\00000000000-pub-class\0-远程偷拍\100行代码实现远程偷拍\toupaimumaduan\toupaimumaduan\debug\toupaimumaduan.tlog\link.read.1.tlog
d:\00000000000-pub-class\0-远程偷拍\100行代码实现远程偷拍\toupaimumaduan\toupaimumaduan\debug\toupaimumaduan.tlog\link.write.1.tlog
